[debug] [2019-07-08T18:49:29.327Z] ----------------------------------------------------------------------
[debug] [2019-07-08T18:49:29.356Z] Command:       /usr/local/bin/node /usr/local/bin/firebase serve
[debug] [2019-07-08T18:49:29.359Z] CLI Version:   7.0.2
[debug] [2019-07-08T18:49:29.360Z] Platform:      darwin
[debug] [2019-07-08T18:49:29.360Z] Node Version:  v10.15.3
[debug] [2019-07-08T18:49:29.365Z] Time:          Mon Jul 08 2019 15:49:29 GMT-0300 (Brasilia Standard Time)
[debug] [2019-07-08T18:49:29.366Z] ----------------------------------------------------------------------
[debug] 
[debug] [2019-07-08T18:49:29.485Z] > command requires scopes: ["email","openid","https://www.googleapis.com/auth/cloudplatformprojects.readonly","https://www.googleapis.com/auth/firebase","https://www.googleapis.com/auth/cloud-platform"]
[debug] [2019-07-08T18:49:29.491Z] > authorizing via signed-in user
[debug] [2019-07-08T18:49:29.493Z] [iam] checking project split-35408 for permissions ["firebase.projects.get"]
[debug] [2019-07-08T18:49:29.514Z] >>> HTTP REQUEST POST https://cloudresourcemanager.googleapis.com/v1/projects/split-35408:testIamPermissions  

[debug] [2019-07-08T18:49:31.320Z] <<< HTTP RESPONSE 200
[debug] [2019-07-08T18:49:31.339Z] >>> HTTP REQUEST GET https://cloudresourcemanager.googleapis.com/v1/projects/split-35408  
 
[debug] [2019-07-08T18:49:32.310Z] <<< HTTP RESPONSE 200
[info] 
[info] === Serving from '/Users/ingridpitta/Desktop/split/split'...
[info] 
[warn] ⚠  Your requested "node" version "8" doesn't match your global version "10"
[debug] [2019-07-08T18:49:32.397Z] >>> HTTP REQUEST GET https://mobilesdk-pa.googleapis.com/v1/projects/442322691820/clients/_:getWebAppConfig  
 
[debug] [2019-07-08T18:49:32.406Z] >>> HTTP REQUEST GET https://mobilesdk-pa.googleapis.com/v1/projects/442322691820:getServerAppConfig  
 
[debug] [2019-07-08T18:49:32.930Z] <<< HTTP RESPONSE 200
[info] ✔  functions: Emulator started at http://localhost:5001
[debug] [2019-07-08T18:49:32.991Z] <<< HTTP RESPONSE 200
[info] i  functions: Watching "/Users/ingridpitta/Desktop/split/split/functions" for Cloud Functions...
[debug] [2019-07-08T18:49:33.417Z] Error: listen EADDRINUSE: address already in use 127.0.0.1:5001
    at Server.setupListenHandle [as _listen2] (net.js:1270:14)
    at listenInCluster (net.js:1318:12)
    at GetAddrInfoReqWrap.doListen [as callback] (net.js:1451:7)
    at GetAddrInfoReqWrap.onlookup [as oncomplete] (dns.js:61:10)
[error] 
[error] Error: An unexpected error has occurred.
[info] i  hosting: Serving hosting files from: build
[info] ✔  hosting: Local server: http://localhost:5000
